

Microchip MPLAB XC8 Assembler V2.41 build 20230208172133 
                                                                                               Fri Apr 14 20:35:05 2023

Microchip MPLAB XC8 C Compiler v2.41 (Free license) build 20230208172133 Og1 
     1                           	processor	16F628A
     2                           	pagewidth 120
     3                           	opt	flic
     4                           	psect	cinit,global,class=CODE,merge=1,delta=2
     5                           	psect	cstackCOMMON,global,class=COMMON,space=1,delta=1,noexec
     6                           	psect	maintext,global,class=CODE,split=1,delta=2
     7                           	psect	idloc,global,abs,ovrld,class=IDLOC,space=5,delta=2,noexec
     8                           	psect	config,global,abs,ovrld,class=CONFIG,space=4,delta=2,noexec
     9                           	dabs	1,0x7E,2
    10     0000                     
    11                           ; Version 2.40
    12                           ; Generated 17/11/2021 GMT
    13                           ; 
    14                           ; Copyright © 2021, Microchip Technology Inc. and its subsidiaries ("Microchip")
    15                           ; All rights reserved.
    16                           ; 
    17                           ; This software is developed by Microchip Technology Inc. and its subsidiaries ("Microch
      +                          ip").
    18                           ; 
    19                           ; Redistribution and use in source and binary forms, with or without modification, are
    20                           ; permitted provided that the following conditions are met:
    21                           ; 
    22                           ;     1. Redistributions of source code must retain the above copyright notice, this lis
      +                          t of
    23                           ;        conditions and the following disclaimer.
    24                           ; 
    25                           ;     2. Redistributions in binary form must reproduce the above copyright notice, this 
      +                          list
    26                           ;        of conditions and the following disclaimer in the documentation and/or other
    27                           ;        materials provided with the distribution. Publication is not required when
    28                           ;        this file is used in an embedded application.
    29                           ; 
    30                           ;     3. Microchip's name may not be used to endorse or promote products derived from th
      +                          is
    31                           ;        software without specific prior written permission.
    32                           ; 
    33                           ; THIS SOFTWARE IS PROVIDED BY MICROCHIP "AS IS" AND ANY EXPRESS OR IMPLIED WARRANTIES,
    34                           ; INCLUDING, BUT NOT LIMITED TO, THE IMPLIED WARRANTIES OF MERCHANTABILITY AND FITNESS F
      +                          OR
    35                           ; PURPOSE ARE DISCLAIMED.  IN NO EVENT SHALL MICROCHIP BE LIABLE FOR ANY DIRECT, INDIREC
      +                          T,
    36                           ; INCIDENTAL, SPECIAL, EXEMPLARY, OR CONSEQUENTIAL DAMAGES (INCLUDING BUT NOT LIMITED TO
    37                           ; PROCUREMENT OF SUBSTITUTE GOODS OR SERVICES; LOSS OF USE, DATA OR PROFITS; OR BUSINESS
    38                           ; INTERRUPTION) HOWSOEVER CAUSED AND ON ANY THEORY OF LIABILITY, WHETHER IN CONTRACT, ST
      +                          RICT
    39                           ; LIABILITY, OR TORT (INCLUDING NEGLIGENCE OR OTHERWISE) ARISING IN ANY WAY OUT OF THE U
      +                          SE OF
    40                           ; THIS SOFTWARE, EVEN IF ADVISED OF THE POSSIBILITY OF SUCH DAMAGE.
    41                           ; 
    42                           ; 
    43                           ; Code-generator required, PIC16F628A Definitions
    44                           ; 
    45                           ; SFR Addresses
    46     0000                     	;# 
    47     0001                     	;# 
    48     0002                     	;# 
    49     0003                     	;# 
    50     0004                     	;# 
    51     0005                     	;# 
    52     0006                     	;# 
    53     000A                     	;# 
    54     000B                     	;# 
    55     000C                     	;# 
    56     000E                     	;# 
    57     000E                     	;# 
    58     000F                     	;# 
    59     0010                     	;# 
    60     0011                     	;# 
    61     0012                     	;# 
    62     0015                     	;# 
    63     0015                     	;# 
    64     0016                     	;# 
    65     0017                     	;# 
    66     0018                     	;# 
    67     0019                     	;# 
    68     001A                     	;# 
    69     001F                     	;# 
    70     0081                     	;# 
    71     0085                     	;# 
    72     0086                     	;# 
    73     008C                     	;# 
    74     008E                     	;# 
    75     0092                     	;# 
    76     0098                     	;# 
    77     0099                     	;# 
    78     009A                     	;# 
    79     009B                     	;# 
    80     009C                     	;# 
    81     009D                     	;# 
    82     009F                     	;# 
    83     0000                     	;# 
    84     0001                     	;# 
    85     0002                     	;# 
    86     0003                     	;# 
    87     0004                     	;# 
    88     0005                     	;# 
    89     0006                     	;# 
    90     000A                     	;# 
    91     000B                     	;# 
    92     000C                     	;# 
    93     000E                     	;# 
    94     000E                     	;# 
    95     000F                     	;# 
    96     0010                     	;# 
    97     0011                     	;# 
    98     0012                     	;# 
    99     0015                     	;# 
   100     0015                     	;# 
   101     0016                     	;# 
   102     0017                     	;# 
   103     0018                     	;# 
   104     0019                     	;# 
   105     001A                     	;# 
   106     001F                     	;# 
   107     0081                     	;# 
   108     0085                     	;# 
   109     0086                     	;# 
   110     008C                     	;# 
   111     008E                     	;# 
   112     0092                     	;# 
   113     0098                     	;# 
   114     0099                     	;# 
   115     009A                     	;# 
   116     009B                     	;# 
   117     009C                     	;# 
   118     009D                     	;# 
   119     009F                     	;# 
   120     0006                     _PORTBbits	set	6
   121     0086                     _TRISBbits	set	134
   122                           
   123                           	psect	cinit
   124     07FE                     start_initialization:	
   125                           ; #config settings
   126                           
   127     07FE                     __initialization:
   128     07FE                     end_of_initialization:	
   129                           ;End of C runtime variable initialization code
   130                           
   131     07FE                     __end_of__initialization:
   132     07FE  0183               	clrf	3
   133     07FF  2FCE               	ljmp	_main	;jump to C main() function
   134                           
   135                           	psect	cstackCOMMON
   136     0070                     __pcstackCOMMON:
   137     0070                     ?_main:
   138     0070                     ??_main:	
   139                           ; 1 bytes @ 0x0
   140                           
   141                           
   142                           ; 1 bytes @ 0x0
   143     0070                     	ds	3
   144                           
   145                           	psect	maintext
   146     07CE                     __pmaintext:	
   147 ;;
   148 ;;Main: autosize = 0, tempsize = 3, incstack = 0, save=0
   149 ;;
   150 ;; *************** function _main *****************
   151 ;; Defined at:
   152 ;;		line 21 in file "blink_led.c"
   153 ;; Parameters:    Size  Location     Type
   154 ;;		None
   155 ;; Auto vars:     Size  Location     Type
   156 ;;		None
   157 ;; Return value:  Size  Location     Type
   158 ;;                  1    wreg      void 
   159 ;; Registers used:
   160 ;;		wreg
   161 ;; Tracked objects:
   162 ;;		On entry : B00/0
   163 ;;		On exit  : 0/0
   164 ;;		Unchanged: 0/0
   165 ;; Data sizes:     COMMON   BANK0   BANK1   BANK2
   166 ;;      Params:         0       0       0       0
   167 ;;      Locals:         0       0       0       0
   168 ;;      Temps:          3       0       0       0
   169 ;;      Totals:         3       0       0       0
   170 ;;Total ram usage:        3 bytes
   171 ;; This function calls:
   172 ;;		Nothing
   173 ;; This function is called by:
   174 ;;		Startup code after reset
   175 ;; This function uses a non-reentrant model
   176 ;;
   177                           
   178     07CE                     _main:	
   179                           ;psect for function _main
   180                           
   181     07CE                     l606:	
   182                           ;incstack = 0
   183                           ; Regs used in _main: [wreg]
   184                           
   185                           
   186                           ;blink_led.c: 23:     TRISBbits.TRISB6 = 0;
   187     07CE  1683               	bsf	3,5	;RP0=1, select bank1
   188     07CF  1303               	bcf	3,6	;RP1=0, select bank1
   189     07D0  1306               	bcf	6,6	;volatile
   190                           
   191                           ;blink_led.c: 24:     PORTBbits.RB6 = 0;
   192     07D1  1283               	bcf	3,5	;RP0=0, select bank0
   193     07D2  1303               	bcf	3,6	;RP1=0, select bank0
   194     07D3  1306               	bcf	6,6	;volatile
   195                           
   196                           ;blink_led.c: 26:     TRISBbits.TRISB7 = 0;
   197     07D4  1683               	bsf	3,5	;RP0=1, select bank1
   198     07D5  1303               	bcf	3,6	;RP1=0, select bank1
   199     07D6  1386               	bcf	6,7	;volatile
   200                           
   201                           ;blink_led.c: 27:     PORTBbits.RB7 = 0;
   202     07D7  1283               	bcf	3,5	;RP0=0, select bank0
   203     07D8  1303               	bcf	3,6	;RP1=0, select bank0
   204     07D9  1386               	bcf	6,7	;volatile
   205     07DA                     l11:	
   206                           ;blink_led.c: 29:     while(1)
   207                           
   208                           
   209                           ;blink_led.c: 30:     {;blink_led.c: 31:         PORTBbits.RB6 = 1;
   210     07DA  1283               	bcf	3,5	;RP0=0, select bank0
   211     07DB  1303               	bcf	3,6	;RP1=0, select bank0
   212     07DC  1706               	bsf	6,6	;volatile
   213                           
   214                           ;blink_led.c: 33:         PORTBbits.RB7 = 0;
   215     07DD  1386               	bcf	6,7	;volatile
   216     07DE                     l608:
   217                           
   218                           ;blink_led.c: 35:         _delay((unsigned long)((1000)*(8000000/4000.0)));
   219     07DE  300B               	movlw	11
   220     07DF  00F2               	movwf	??_main+2
   221     07E0  3026               	movlw	38
   222     07E1  00F1               	movwf	??_main+1
   223     07E2  305D               	movlw	93
   224     07E3  00F0               	movwf	??_main
   225     07E4                     u17:
   226     07E4  0BF0               	decfsz	??_main,f
   227     07E5  2FE4               	goto	u17
   228     07E6  0BF1               	decfsz	??_main+1,f
   229     07E7  2FE4               	goto	u17
   230     07E8  0BF2               	decfsz	??_main+2,f
   231     07E9  2FE4               	goto	u17
   232     07EA  2FEB               	nop2
   233     07EB                     l610:
   234                           
   235                           ;blink_led.c: 37:         PORTBbits.RB6 = 0;
   236     07EB  1283               	bcf	3,5	;RP0=0, select bank0
   237     07EC  1303               	bcf	3,6	;RP1=0, select bank0
   238     07ED  1306               	bcf	6,6	;volatile
   239     07EE                     l612:
   240                           
   241                           ;blink_led.c: 39:         PORTBbits.RB7 = 1;
   242     07EE  1786               	bsf	6,7	;volatile
   243                           
   244                           ;blink_led.c: 41:         _delay((unsigned long)((1000)*(8000000/4000.0)));
   245     07EF  300B               	movlw	11
   246     07F0  00F2               	movwf	??_main+2
   247     07F1  3026               	movlw	38
   248     07F2  00F1               	movwf	??_main+1
   249     07F3  305D               	movlw	93
   250     07F4  00F0               	movwf	??_main
   251     07F5                     u27:
   252     07F5  0BF0               	decfsz	??_main,f
   253     07F6  2FF5               	goto	u27
   254     07F7  0BF1               	decfsz	??_main+1,f
   255     07F8  2FF5               	goto	u27
   256     07F9  0BF2               	decfsz	??_main+2,f
   257     07FA  2FF5               	goto	u27
   258     07FB  2FFC               	nop2
   259     07FC  2FDA               	goto	l11
   260     07FD  2800               	ljmp	start
   261     07FE                     __end_of_main:
   262     007E                     btemp	set	126	;btemp
   263     007E                     wtemp0	set	126
   264                           
   265                           	psect	idloc
   266                           
   267                           ;Config register IDLOC0 @ 0x2000
   268                           ;	unspecified, using default values
   269     2000                     	org	8192
   270     2000  3FFF               	dw	16383
   271                           
   272                           ;Config register IDLOC1 @ 0x2001
   273                           ;	unspecified, using default values
   274     2001                     	org	8193
   275     2001  3FFF               	dw	16383
   276                           
   277                           ;Config register IDLOC2 @ 0x2002
   278                           ;	unspecified, using default values
   279     2002                     	org	8194
   280     2002  3FFF               	dw	16383
   281                           
   282                           ;Config register IDLOC3 @ 0x2003
   283                           ;	unspecified, using default values
   284     2003                     	org	8195
   285     2003  3FFF               	dw	16383
   286                           
   287                           	psect	config
   288                           
   289                           ;Config register CONFIG @ 0x2007
   290                           ;	Oscillator Selection bits
   291                           ;	FOSC = HS, HS oscillator: High-speed crystal/resonator on RA6/OSC2/CLKOUT and RA7/OSC1
      +                          /CLKIN
   292                           ;	Watchdog Timer Enable bit
   293                           ;	WDTE = OFF, WDT disabled
   294                           ;	Power-up Timer Enable bit
   295                           ;	PWRTE = ON, PWRT enabled
   296                           ;	RA5/MCLR/VPP Pin Function Select bit
   297                           ;	MCLRE = ON, RA5/MCLR/VPP pin function is MCLR
   298                           ;	Brown-out Detect Enable bit
   299                           ;	BOREN = OFF, BOD disabled
   300                           ;	Low-Voltage Programming Enable bit
   301                           ;	LVP = OFF, RB4/PGM pin has digital I/O function, HV on MCLR must be used for programmi
      +                          ng
   302                           ;	Data EE Memory Code Protection bit
   303                           ;	CPD = OFF, Data memory code protection off
   304                           ;	Flash Program Memory Code Protection bit
   305                           ;	CP = OFF, Code protection off
   306     2007                     	org	8199
   307     2007  3F22               	dw	16162

Data Sizes:
    Strings     0
    Constant    0
    Data        0
    BSS         0
    Persistent  0
    Stack       0

Auto Spaces:
    Space          Size  Autos    Used
    COMMON           14      3       3
    BANK0            80      0       0
    BANK1            80      0       0
    BANK2            48      0       0

Pointer List with Targets:

    None.

Critical Paths under _main in COMMON

    None.

Critical Paths under _main in BANK0

    None.

Critical Paths under _main in BANK1

    None.

Critical Paths under _main in BANK2

    None.

Call Graph Tables:

 ---------------------------------------------------------------------------------
 (Depth) Function   	        Calls       Base Space   Used Autos Params    Refs
 ---------------------------------------------------------------------------------
 (0) _main                                                 3     3      0       0
                                              0 COMMON     3     3      0
 ---------------------------------------------------------------------------------
 Estimated maximum stack depth 0
 ---------------------------------------------------------------------------------

 Call Graph Graphs:

 _main (ROOT)

 Address spaces:
Name               Size   Autos  Total    Cost      Usage
BITCOMMON            E      0       0       0        0.0%
EEDATA              80      0       0       0        0.0%
NULL                 0      0       0       0        0.0%
CODE                 0      0       0       0        0.0%
COMMON               E      3       3       1       21.4%
BITSFR0              0      0       0       1        0.0%
SFR0                 0      0       0       1        0.0%
BITSFR1              0      0       0       2        0.0%
SFR1                 0      0       0       2        0.0%
STACK                0      0       0       2        0.0%
BANK0               50      0       0       3        0.0%
BITSFR3              0      0       0       4        0.0%
SFR3                 0      0       0       4        0.0%
ABS                  0      0       0       4        0.0%
BITBANK0            50      0       0       5        0.0%
BITSFR2              0      0       0       5        0.0%
SFR2                 0      0       0       5        0.0%
BITBANK1            50      0       0       6        0.0%
BANK1               50      0       0       7        0.0%
BITBANK2            30      0       0       8        0.0%
BANK2               30      0       0       9        0.0%
DATA                 0      0       0      10        0.0%


Microchip Technology PIC Macro Assembler V2.41 build 20230208172133 
Symbol Table                                                                                   Fri Apr 14 20:35:05 2023

                     l11 07DA                       u17 07E4                       u27 07F5  
                    l610 07EB                      l612 07EE                      l606 07CE  
                    l608 07DE                     _main 07CE                     btemp 007E  
                   start 0000                    ?_main 0070                    status 0003  
                  wtemp0 007E          __initialization 07FE             __end_of_main 07FE  
                 ??_main 0070  __end_of__initialization 07FE           __pcstackCOMMON 0070  
             __pmaintext 07CE     end_of_initialization 07FE                _PORTBbits 0006  
              _TRISBbits 0086      start_initialization 07FE                ___latbits 0000  
